<?xml version="1.0" encoding="UTF-8"?>
<testng-results ignored="0" total="1" passed="1" failed="0" skipped="0">
  <reporter-output>
  </reporter-output>
  <suite started-at="2021-04-08T19:15:49 IST" name="Default suite" finished-at="2021-04-08T19:15:55 IST" duration-ms="5466">
    <groups>
    </groups>
    <test started-at="2021-04-08T19:15:49 IST" name="Default test" finished-at="2021-04-08T19:15:55 IST" duration-ms="5466">
      <class name="com.qa.Browser.OpenUrl">
        <test-method signature="LogintoFB()[pri:0, instance:com.qa.Browser.OpenUrl@1bb266b3]" started-at="2021-04-08T19:15:49 IST" name="LogintoFB" finished-at="2021-04-08T19:15:55 IST" duration-ms="5403" status="PASS">
          <reporter-output>
          </reporter-output>
        </test-method> <!-- LogintoFB -->
      </class> <!-- com.qa.Browser.OpenUrl -->
    </test> <!-- Default test -->
  </suite> <!-- Default suite -->
</testng-results>
