<?xml version="1.0" encoding="UTF-8"?>
<testng-results ignored="0" total="1" passed="1" failed="0" skipped="0">
  <reporter-output>
  </reporter-output>
  <suite started-at="2021-04-08T18:41:44 IST" name="Default suite" finished-at="2021-04-08T18:41:53 IST" duration-ms="8430">
    <groups>
    </groups>
    <test started-at="2021-04-08T18:41:44 IST" name="Default test" finished-at="2021-04-08T18:41:53 IST" duration-ms="8430">
      <class name="com.qa.Browser.OpenUrl">
        <test-method signature="LogintoFB()[pri:0, instance:com.qa.Browser.OpenUrl@1bb266b3]" started-at="2021-04-08T18:41:44 IST" name="LogintoFB" finished-at="2021-04-08T18:41:53 IST" duration-ms="8354" status="PASS">
          <reporter-output>
          </reporter-output>
        </test-method> <!-- LogintoFB -->
      </class> <!-- com.qa.Browser.OpenUrl -->
    </test> <!-- Default test -->
  </suite> <!-- Default suite -->
</testng-results>
